TN:
SF:/Users/sunnymistry/Documents/Code/Swoleciety/tests.index.js
FNF:0
FNH:0
DA:4,1
DA:5,1
DA:8,1
DA:9,1
LF:4
LH:4
BRF:0
BRH:0
end_of_record
TN:
SF:/Users/sunnymistry/Documents/Code/Swoleciety/app/components/Hamburger/tests/Hamburger.test.js
FN:21,_interopRequireDefault
FN:23,(anonymous_2)
FN:24,(anonymous_3)
FN:27,(anonymous_4)
FNF:4
FNH:4
FNDA:4,_interopRequireDefault
FNDA:1,(anonymous_2)
FNDA:1,(anonymous_3)
FNDA:1,(anonymous_4)
DA:3,1
DA:5,1
DA:7,1
DA:9,1
DA:11,1
DA:13,1
DA:15,1
DA:17,1
DA:19,1
DA:21,4
DA:23,1
DA:24,1
DA:25,1
DA:27,1
DA:28,1
DA:29,1
LF:16
LH:16
BRDA:21,1,0,1
BRDA:21,1,1,3
BRDA:21,2,0,4
BRDA:21,2,1,4
BRF:4
BRH:4
end_of_record
TN:
SF:/Users/sunnymistry/Documents/Code/Swoleciety/app/components/Hamburger/Hamburger.js
FN:11,_interopRequireDefault
FN:13,(anonymous_2)
FN:14,Hamburger
FNF:3
FNH:3
FNDA:1,_interopRequireDefault
FNDA:1,(anonymous_2)
FNDA:1,Hamburger
DA:3,1
DA:7,1
DA:9,1
DA:11,1
DA:13,1
DA:14,1
DA:15,1
DA:18,1
DA:20,1
LF:9
LH:9
BRDA:11,1,0,0
BRDA:11,1,1,1
BRDA:11,2,0,1
BRDA:11,2,1,1
BRF:4
BRH:3
end_of_record
TN:
SF:/Users/sunnymistry/Documents/Code/Swoleciety/app/components/component.test.js
FNF:0
FNH:0
LF:0
LH:0
BRF:0
BRH:0
end_of_record
