TN:
SF:/Users/sunnymistry/Documents/Code/Swoleciety/tests.index.js
FNF:0
FNH:0
DA:4,1
DA:5,1
DA:8,1
DA:9,1
LF:4
LH:4
BRF:0
BRH:0
end_of_record
TN:
SF:/Users/sunnymistry/Documents/Code/Swoleciety/app/component/component.test.js
FN:25,_interopRequireDefault
FN:27,(anonymous_2)
FN:29,(anonymous_3)
FN:39,(anonymous_4)
FN:47,(anonymous_5)
FN:48,(anonymous_6)
FN:49,(anonymous_7)
FN:52,(anonymous_8)
FNF:8
FNH:8
FNDA:5,_interopRequireDefault
FNDA:1,(anonymous_2)
FNDA:1,(anonymous_3)
FNDA:1,(anonymous_4)
FNDA:1,(anonymous_5)
FNDA:1,(anonymous_6)
FNDA:1,(anonymous_7)
FNDA:1,(anonymous_8)
DA:3,1
DA:5,1
DA:7,1
DA:9,1
DA:11,1
DA:13,1
DA:15,1
DA:17,1
DA:19,1
DA:21,1
DA:23,1
DA:25,5
DA:27,1
DA:29,1
DA:35,1
DA:36,1
DA:39,1
DA:43,1
DA:47,1
DA:48,1
DA:49,1
DA:50,1
DA:52,1
DA:53,1
LF:24
LH:24
BRDA:25,1,0,2
BRDA:25,1,1,3
BRDA:25,2,0,5
BRDA:25,2,1,5
BRF:4
BRH:4
end_of_record
TN:
SF:/Users/sunnymistry/Documents/Code/Swoleciety/app/component/app.js
FN:7,(anonymous_1)
FN:7,defineProperties
FN:7,(anonymous_3)
FN:13,_interopRequireDefault
FN:15,_classCallCheck
FN:17,_possibleConstructorReturn
FN:19,_inherits
FN:23,(anonymous_8)
FN:26,App
FN:34,(anonymous_10)
FN:35,render
FNF:11
FNH:7
FNDA:1,(anonymous_1)
FNDA:1,defineProperties
FNDA:1,(anonymous_3)
FNDA:1,_interopRequireDefault
FNDA:0,_classCallCheck
FNDA:0,_possibleConstructorReturn
FNDA:1,_inherits
FNDA:1,(anonymous_8)
FNDA:0,App
FNDA:1,(anonymous_10)
FNDA:0,render
DA:3,1
DA:7,1
DA:9,1
DA:11,1
DA:13,1
DA:15,1
DA:17,1
DA:19,1
DA:21,1
DA:23,1
DA:24,1
DA:26,1
DA:27,0
DA:29,0
DA:32,1
DA:35,1
DA:36,0
DA:48,1
DA:52,1
DA:55,1
DA:58,1
LF:21
LH:18
BRDA:7,1,0,1
BRDA:7,1,1,1
BRDA:7,2,0,1
BRDA:7,2,1,0
BRDA:7,3,0,1
BRDA:7,3,1,0
BRDA:7,4,0,0
BRDA:7,4,1,1
BRDA:13,5,0,0
BRDA:13,5,1,1
BRDA:13,6,0,1
BRDA:13,6,1,1
BRDA:15,7,0,0
BRDA:15,7,1,0
BRDA:17,8,0,0
BRDA:17,8,1,0
BRDA:17,9,0,0
BRDA:17,9,1,0
BRDA:17,10,0,0
BRDA:17,10,1,0
BRDA:17,10,2,0
BRDA:19,11,0,0
BRDA:19,11,1,1
BRDA:19,12,0,1
BRDA:19,12,1,0
BRDA:19,13,0,1
BRDA:19,13,1,1
BRDA:19,14,0,1
BRDA:19,14,1,0
BRDA:19,15,0,1
BRDA:19,15,1,0
BRDA:29,16,0,0
BRDA:29,16,1,0
BRF:33
BRH:14
end_of_record
TN:
SF:/Users/sunnymistry/Documents/Code/Swoleciety/app/component/a.js
FN:6,a
FNF:1
FNH:1
FNDA:1,a
DA:3,1
DA:6,1
DA:7,1
DA:8,1
DA:9,1
DA:10,1
DA:12,0
DA:14,1
LF:8
LH:7
BRDA:8,1,0,1
BRDA:8,1,1,0
BRF:2
BRH:1
end_of_record
